{"/Users/gabasrub/Workspace/Training/billing/src/components/card/Card.jsx": {"path":"/Users/gabasrub/Workspace/Training/billing/src/components/card/Card.jsx","statementMap":{"0":{"start":{"line":5,"column":2},"end":{"line":14,"column":3}}},"fnMap":{"0":{"name":"Card","decl":{"start":{"line":4,"column":24},"end":{"line":4,"column":28}},"loc":{"start":{"line":4,"column":50},"end":{"line":15,"column":1}},"line":4}},"branchMap":{"0":{"loc":{"start":{"line":7,"column":8},"end":{"line":9,"column":13}},"type":"binary-expr","locations":[{"start":{"line":7,"column":8},"end":{"line":7,"column":13}},{"start":{"line":7,"column":19},"end":{"line":9,"column":12}}],"line":7},"1":{"loc":{"start":{"line":10,"column":8},"end":{"line":12,"column":13}},"type":"binary-expr","locations":[{"start":{"line":10,"column":8},"end":{"line":10,"column":16}},{"start":{"line":10,"column":21},"end":{"line":12,"column":12}}],"line":10}},"s":{"0":3},"f":{"0":3},"b":{"0":[3,2],"1":[3,1]},"_coverageSchema":"1a1c01bbd47fc00a2c39e90264f33305004495a9","hash":"a6b3edbd48ecc0d002805fbc36d91e35660c89ac"}
,"/Users/gabasrub/Workspace/Training/billing/src/components/commons/button.jsx": {"path":"/Users/gabasrub/Workspace/Training/billing/src/components/commons/button.jsx","statementMap":{"0":{"start":{"line":5,"column":2},"end":{"line":7,"column":3}}},"fnMap":{"0":{"name":"Button","decl":{"start":{"line":4,"column":24},"end":{"line":4,"column":30}},"loc":{"start":{"line":4,"column":50},"end":{"line":8,"column":1}},"line":4}},"branchMap":{},"s":{"0":2},"f":{"0":2},"b":{},"_coverageSchema":"1a1c01bbd47fc00a2c39e90264f33305004495a9","hash":"38b6b8848d37db1a655d682f269f384d0992ccf9"}
,"/Users/gabasrub/Workspace/Training/billing/src/components/commons/input.jsx": {"path":"/Users/gabasrub/Workspace/Training/billing/src/components/commons/input.jsx","statementMap":{"0":{"start":{"line":5,"column":2},"end":{"line":21,"column":3}},"1":{"start":{"line":15,"column":12},"end":{"line":17,"column":13}},"2":{"start":{"line":16,"column":14},"end":{"line":16,"column":32}}},"fnMap":{"0":{"name":"Input","decl":{"start":{"line":4,"column":24},"end":{"line":4,"column":29}},"loc":{"start":{"line":4,"column":98},"end":{"line":22,"column":1}},"line":4},"1":{"name":"(anonymous_1)","decl":{"start":{"line":14,"column":22},"end":{"line":14,"column":23}},"loc":{"start":{"line":14,"column":31},"end":{"line":18,"column":11}},"line":14}},"branchMap":{"0":{"loc":{"start":{"line":7,"column":8},"end":{"line":7,"column":56}},"type":"binary-expr","locations":[{"start":{"line":7,"column":8},"end":{"line":7,"column":13}},{"start":{"line":7,"column":17},"end":{"line":7,"column":56}}],"line":7},"1":{"loc":{"start":{"line":11,"column":39},"end":{"line":11,"column":64}},"type":"cond-expr","locations":[{"start":{"line":11,"column":47},"end":{"line":11,"column":59}},{"start":{"line":11,"column":62},"end":{"line":11,"column":64}}],"line":11},"2":{"loc":{"start":{"line":15,"column":12},"end":{"line":17,"column":13}},"type":"if","locations":[{"start":{"line":15,"column":12},"end":{"line":17,"column":13}},{"start":{"line":15,"column":12},"end":{"line":17,"column":13}}],"line":15},"3":{"loc":{"start":{"line":15,"column":16},"end":{"line":15,"column":51}},"type":"binary-expr","locations":[{"start":{"line":15,"column":16},"end":{"line":15,"column":37}},{"start":{"line":15,"column":41},"end":{"line":15,"column":51}}],"line":15}},"s":{"0":7,"1":2,"2":1},"f":{"0":7,"1":2},"b":{"0":[7,5],"1":[4,3],"2":[1,1],"3":[2,2]},"_coverageSchema":"1a1c01bbd47fc00a2c39e90264f33305004495a9","hash":"44315e9a11d577424199c2cfd875620c11a6228b"}
,"/Users/gabasrub/Workspace/Training/billing/src/components/commons/table.jsx": {"path":"/Users/gabasrub/Workspace/Training/billing/src/components/commons/table.jsx","statementMap":{"0":{"start":{"line":8,"column":15},"end":{"line":8,"column":17}},"1":{"start":{"line":9,"column":4},"end":{"line":15,"column":5}},"2":{"start":{"line":11,"column":8},"end":{"line":11,"column":63}},"3":{"start":{"line":12,"column":8},"end":{"line":12,"column":14}},"4":{"start":{"line":14,"column":8},"end":{"line":14,"column":21}},"5":{"start":{"line":17,"column":4},"end":{"line":17,"column":16}},"6":{"start":{"line":20,"column":2},"end":{"line":40,"column":3}},"7":{"start":{"line":25,"column":14},"end":{"line":25,"column":53}},"8":{"start":{"line":30,"column":12},"end":{"line":37,"column":17}},"9":{"start":{"line":32,"column":18},"end":{"line":36,"column":23}},"10":{"start":{"line":34,"column":38},"end":{"line":34,"column":67}},"11":{"start":{"line":43,"column":0},"end":{"line":46,"column":1}}},"fnMap":{"0":{"name":"Table","decl":{"start":{"line":6,"column":9},"end":{"line":6,"column":14}},"loc":{"start":{"line":6,"column":46},"end":{"line":41,"column":1}},"line":6},"1":{"name":"renderTd","decl":{"start":{"line":7,"column":11},"end":{"line":7,"column":19}},"loc":{"start":{"line":7,"column":33},"end":{"line":18,"column":3}},"line":7},"2":{"name":"(anonymous_2)","decl":{"start":{"line":24,"column":24},"end":{"line":24,"column":25}},"loc":{"start":{"line":25,"column":14},"end":{"line":25,"column":53}},"line":25},"3":{"name":"(anonymous_3)","decl":{"start":{"line":29,"column":27},"end":{"line":29,"column":28}},"loc":{"start":{"line":30,"column":12},"end":{"line":37,"column":17}},"line":30},"4":{"name":"(anonymous_4)","decl":{"start":{"line":31,"column":28},"end":{"line":31,"column":29}},"loc":{"start":{"line":32,"column":18},"end":{"line":36,"column":23}},"line":32},"5":{"name":"(anonymous_5)","decl":{"start":{"line":34,"column":32},"end":{"line":34,"column":33}},"loc":{"start":{"line":34,"column":38},"end":{"line":34,"column":67}},"line":34}},"branchMap":{"0":{"loc":{"start":{"line":9,"column":4},"end":{"line":15,"column":5}},"type":"switch","locations":[{"start":{"line":10,"column":6},"end":{"line":12,"column":14}},{"start":{"line":13,"column":6},"end":{"line":14,"column":21}}],"line":9},"1":{"loc":{"start":{"line":29,"column":10},"end":{"line":37,"column":18}},"type":"binary-expr","locations":[{"start":{"line":29,"column":10},"end":{"line":29,"column":14}},{"start":{"line":29,"column":18},"end":{"line":37,"column":18}}],"line":29},"2":{"loc":{"start":{"line":32,"column":38},"end":{"line":32,"column":82}},"type":"cond-expr","locations":[{"start":{"line":32,"column":51},"end":{"line":32,"column":77}},{"start":{"line":32,"column":80},"end":{"line":32,"column":82}}],"line":32},"3":{"loc":{"start":{"line":34,"column":38},"end":{"line":34,"column":67}},"type":"binary-expr","locations":[{"start":{"line":34,"column":38},"end":{"line":34,"column":48}},{"start":{"line":34,"column":52},"end":{"line":34,"column":67}}],"line":34}},"s":{"0":8,"1":8,"2":4,"3":4,"4":4,"5":8,"6":2,"7":4,"8":4,"9":8,"10":1,"11":1},"f":{"0":2,"1":8,"2":4,"3":4,"4":8,"5":1},"b":{"0":[4,4],"1":[2,2],"2":[4,4],"3":[1,1]},"_coverageSchema":"1a1c01bbd47fc00a2c39e90264f33305004495a9","hash":"28cd43cb6a01da2be5ea0d935d3856e1c9bc6f0b"}
,"/Users/gabasrub/Workspace/Training/billing/src/components/invoice/billin-info.jsx": {"path":"/Users/gabasrub/Workspace/Training/billing/src/components/invoice/billin-info.jsx","statementMap":{"0":{"start":{"line":5,"column":2},"end":{"line":12,"column":3}},"1":{"start":{"line":7,"column":38},"end":{"line":10,"column":12}}},"fnMap":{"0":{"name":"BillinInfo","decl":{"start":{"line":4,"column":24},"end":{"line":4,"column":34}},"loc":{"start":{"line":4,"column":46},"end":{"line":13,"column":1}},"line":4},"1":{"name":"(anonymous_1)","decl":{"start":{"line":7,"column":27},"end":{"line":7,"column":28}},"loc":{"start":{"line":7,"column":38},"end":{"line":10,"column":12}},"line":7}},"branchMap":{"0":{"loc":{"start":{"line":7,"column":8},"end":{"line":10,"column":14}},"type":"binary-expr","locations":[{"start":{"line":7,"column":8},"end":{"line":7,"column":13}},{"start":{"line":7,"column":17},"end":{"line":10,"column":14}}],"line":7}},"s":{"0":2,"1":1},"f":{"0":2,"1":1},"b":{"0":[2,1]},"_coverageSchema":"1a1c01bbd47fc00a2c39e90264f33305004495a9","hash":"9366801b134e03ce3501633474f3e9a48dd2d953"}
,"/Users/gabasrub/Workspace/Training/billing/src/components/invoice/total.jsx": {"path":"/Users/gabasrub/Workspace/Training/billing/src/components/invoice/total.jsx","statementMap":{"0":{"start":{"line":5,"column":2},"end":{"line":9,"column":3}}},"fnMap":{"0":{"name":"Total","decl":{"start":{"line":4,"column":24},"end":{"line":4,"column":29}},"loc":{"start":{"line":4,"column":41},"end":{"line":10,"column":1}},"line":4}},"branchMap":{},"s":{"0":2},"f":{"0":2},"b":{},"_coverageSchema":"1a1c01bbd47fc00a2c39e90264f33305004495a9","hash":"c5adec3de3e76cdd2be5d734aa093865dd260890"}
,"/Users/gabasrub/Workspace/Training/billing/src/services/authentication.js": {"path":"/Users/gabasrub/Workspace/Training/billing/src/services/authentication.js","statementMap":{"0":{"start":{"line":4,"column":2},"end":{"line":6,"column":4}}},"fnMap":{"0":{"name":"login","decl":{"start":{"line":3,"column":16},"end":{"line":3,"column":21}},"loc":{"start":{"line":3,"column":42},"end":{"line":7,"column":1}},"line":3}},"branchMap":{},"s":{"0":1},"f":{"0":1},"b":{},"_coverageSchema":"1a1c01bbd47fc00a2c39e90264f33305004495a9","hash":"00f96b0aaad1e52ab06f1d01263f8aabdd64f3f3"}
,"/Users/gabasrub/Workspace/Training/billing/src/services/invoice.js": {"path":"/Users/gabasrub/Workspace/Training/billing/src/services/invoice.js","statementMap":{"0":{"start":{"line":4,"column":2},"end":{"line":4,"column":130}}},"fnMap":{"0":{"name":"getInvoice","decl":{"start":{"line":3,"column":16},"end":{"line":3,"column":26}},"loc":{"start":{"line":3,"column":44},"end":{"line":5,"column":1}},"line":3}},"branchMap":{},"s":{"0":1},"f":{"0":1},"b":{},"_coverageSchema":"1a1c01bbd47fc00a2c39e90264f33305004495a9","hash":"c93aedda1f077a23e29a4a2c6fcba1ba1491fb59"}
,"/Users/gabasrub/Workspace/Training/billing/src/services/localStorage.js": {"path":"/Users/gabasrub/Workspace/Training/billing/src/services/localStorage.js","statementMap":{"0":{"start":{"line":1,"column":26},"end":{"line":13,"column":1}},"1":{"start":{"line":2,"column":2},"end":{"line":4,"column":3}},"2":{"start":{"line":3,"column":4},"end":{"line":3,"column":48}},"3":{"start":{"line":6,"column":2},"end":{"line":8,"column":3}},"4":{"start":{"line":7,"column":4},"end":{"line":7,"column":44}},"5":{"start":{"line":10,"column":2},"end":{"line":12,"column":3}},"6":{"start":{"line":11,"column":4},"end":{"line":11,"column":47}},"7":{"start":{"line":15,"column":28},"end":{"line":15,"column":53}}},"fnMap":{"0":{"name":"(anonymous_0)","decl":{"start":{"line":1,"column":26},"end":{"line":1,"column":27}},"loc":{"start":{"line":1,"column":37},"end":{"line":13,"column":1}},"line":1},"1":{"name":"(anonymous_1)","decl":{"start":{"line":2,"column":17},"end":{"line":2,"column":18}},"loc":{"start":{"line":2,"column":33},"end":{"line":4,"column":3}},"line":2},"2":{"name":"(anonymous_2)","decl":{"start":{"line":6,"column":20},"end":{"line":6,"column":21}},"loc":{"start":{"line":6,"column":31},"end":{"line":8,"column":3}},"line":6},"3":{"name":"(anonymous_3)","decl":{"start":{"line":10,"column":18},"end":{"line":10,"column":19}},"loc":{"start":{"line":10,"column":29},"end":{"line":12,"column":3}},"line":10}},"branchMap":{},"s":{"0":1,"1":1,"2":1,"3":1,"4":1,"5":1,"6":2,"7":1},"f":{"0":1,"1":1,"2":1,"3":2},"b":{},"_coverageSchema":"1a1c01bbd47fc00a2c39e90264f33305004495a9","hash":"48444d084849a568f0b09ed75ddf8bc40900a987"}
,"/Users/gabasrub/Workspace/Training/billing/src/services/request.js": {"path":"/Users/gabasrub/Workspace/Training/billing/src/services/request.js","statementMap":{"0":{"start":{"line":3,"column":21},"end":{"line":10,"column":1}},"1":{"start":{"line":4,"column":2},"end":{"line":7,"column":4}},"2":{"start":{"line":9,"column":2},"end":{"line":9,"column":31}},"3":{"start":{"line":12,"column":23},"end":{"line":12,"column":43}}},"fnMap":{"0":{"name":"(anonymous_0)","decl":{"start":{"line":3,"column":21},"end":{"line":3,"column":22}},"loc":{"start":{"line":3,"column":32},"end":{"line":10,"column":1}},"line":3}},"branchMap":{},"s":{"0":2,"1":2,"2":2,"3":2},"f":{"0":2},"b":{},"_coverageSchema":"1a1c01bbd47fc00a2c39e90264f33305004495a9","hash":"4855f44de3411d993b526dd0cf466bf3151a1625"}
}
