TN:
SF:src/components/card/Card.jsx
FN:5,Card
FNF:1
FNH:1
FNDA:3,Card
DA:6,3
DA:18,1
LF:2
LH:2
BRDA:8,0,0,3
BRDA:8,0,1,2
BRDA:11,1,0,3
BRDA:11,1,1,1
BRF:4
BRH:4
end_of_record
TN:
SF:src/components/commons/button.jsx
FN:5,Button
FNF:1
FNH:1
FNDA:2,Button
DA:6,2
DA:11,1
LF:2
LH:2
BRF:0
BRH:0
end_of_record
TN:
SF:src/components/commons/input.jsx
FN:5,Input
FN:15,(anonymous_1)
FNF:2
FNH:2
FNDA:7,Input
FNDA:2,(anonymous_1)
DA:6,7
DA:16,2
DA:17,1
DA:25,1
LF:4
LH:4
BRDA:8,0,0,7
BRDA:8,0,1,5
BRDA:12,1,0,4
BRDA:12,1,1,3
BRDA:16,2,0,1
BRDA:16,2,1,1
BRDA:16,3,0,2
BRDA:16,3,1,2
BRF:8
BRH:8
end_of_record
TN:
SF:src/components/commons/table.jsx
FN:6,Table
FN:7,renderTd
FN:24,(anonymous_2)
FN:29,(anonymous_3)
FN:31,(anonymous_4)
FN:34,(anonymous_5)
FNF:6
FNH:6
FNDA:2,Table
FNDA:8,renderTd
FNDA:4,(anonymous_2)
FNDA:4,(anonymous_3)
FNDA:8,(anonymous_4)
FNDA:1,(anonymous_5)
DA:8,8
DA:9,8
DA:11,4
DA:12,4
DA:14,4
DA:17,8
DA:20,2
DA:25,4
DA:30,4
DA:32,8
DA:34,1
DA:43,1
LF:12
LH:12
BRDA:9,0,0,4
BRDA:9,0,1,4
BRDA:29,1,0,2
BRDA:29,1,1,2
BRDA:32,2,0,4
BRDA:32,2,1,4
BRDA:34,3,0,1
BRDA:34,3,1,1
BRF:8
BRH:8
end_of_record
TN:
SF:src/components/invoice/billin-info.jsx
FN:5,BillinInfo
FN:8,(anonymous_1)
FNF:2
FNH:2
FNDA:2,BillinInfo
FNDA:1,(anonymous_1)
DA:6,2
DA:8,1
DA:16,1
LF:3
LH:3
BRDA:8,0,0,2
BRDA:8,0,1,1
BRF:2
BRH:2
end_of_record
TN:
SF:src/components/invoice/total.jsx
FN:5,Total
FNF:1
FNH:1
FNDA:2,Total
DA:6,2
DA:13,1
LF:2
LH:2
BRF:0
BRH:0
end_of_record
TN:
SF:src/services/authentication.js
FN:3,login
FNF:1
FNH:1
FNDA:1,login
DA:4,1
LF:1
LH:1
BRF:0
BRH:0
end_of_record
TN:
SF:src/services/invoice.js
FN:3,getInvoice
FNF:1
FNH:1
FNDA:1,getInvoice
DA:4,1
LF:1
LH:1
BRF:0
BRH:0
end_of_record
TN:
SF:src/services/localStorage.js
FN:1,(anonymous_0)
FN:2,(anonymous_1)
FN:6,(anonymous_2)
FN:10,(anonymous_3)
FNF:4
FNH:4
FNDA:1,(anonymous_0)
FNDA:1,(anonymous_1)
FNDA:1,(anonymous_2)
FNDA:2,(anonymous_3)
DA:1,1
DA:2,1
DA:3,1
DA:6,1
DA:7,1
DA:10,1
DA:11,2
DA:15,1
LF:8
LH:8
BRF:0
BRH:0
end_of_record
TN:
SF:src/services/request.js
FN:3,(anonymous_0)
FNF:1
FNH:1
FNDA:2,(anonymous_0)
DA:3,2
DA:4,2
DA:9,2
DA:12,2
LF:4
LH:4
BRF:0
BRH:0
end_of_record
